s:\project gamed\ds-22\ds-2022\x64\debug\vc142.pdb
s:\project gamed\ds-22\ds-2022\x64\debug\vc142.idb
s:\project gamed\ds-22\ds-2022\x64\debug\system.obj
s:\project gamed\ds-22\ds-2022\x64\debug\source.obj
s:\project gamed\ds-22\ds-2022\x64\debug\showroom.obj
s:\project gamed\ds-22\ds-2022\x64\debug\service.obj
s:\project gamed\ds-22\ds-2022\x64\debug\process.obj
s:\project gamed\ds-22\ds-2022\x64\debug\garage.obj
s:\project gamed\ds-22\ds-2022\x64\debug\customer.obj
s:\project gamed\ds-22\ds-2022\x64\debug\car.obj
s:\project gamed\ds-22\ds-2022\x64\debug\admin.obj
s:\project gamed\ds-22\ds-2022\x64\debug\buy_rent.obj
s:\project gamed\ds-22\ds-2022\x64\debug\main.obj
s:\project gamed\ds-22\x64\debug\ds-2022.exe
s:\project gamed\ds-22\ds-2022\x64\debug\ds-2022.ilk
s:\project gamed\ds-22\x64\debug\ds-2022.pdb
s:\project gamed\ds-22\x64\debug\ds-2022.ilk
s:\project gamed\ds-22\ds-2022\x64\debug\ds-2022.tlog\cl.command.1.tlog
s:\project gamed\ds-22\ds-2022\x64\debug\ds-2022.tlog\cl.read.1.tlog
s:\project gamed\ds-22\ds-2022\x64\debug\ds-2022.tlog\cl.write.1.tlog
s:\project gamed\ds-22\ds-2022\x64\debug\ds-2022.tlog\link.command.1.tlog
s:\project gamed\ds-22\ds-2022\x64\debug\ds-2022.tlog\link.read.1.tlog
s:\project gamed\ds-22\ds-2022\x64\debug\ds-2022.tlog\link.write.1.tlog
